|------------------------------------------------------------------------------|
|                             ECL  LOADING  REPORT                             |
|                                                                    Page   1  |
|------------------------------------------------------------------------------|
|  C:/1/546-0922-1.brd                                                         |
|  dimensions in mils                                Wed Sep 23 17:49:29 2020  |
|------------------------------------------------------------------------------|
|                   refdes                                                     |
|  net name         pinid               x        y       length   layer        |
|- - - - - - - - - - - - - - - - - - - - - - - - - - - - - - - - - - - - - - - |
 -I2C3_INT_PD
                   U291.A10*       2495.400  105.600 L    0.000  
                   JTBTC_LS1.8     1933.938   82.564 L  584.498  ratsnest
                   U290.A10        1147.800  321.800 L 1609.872  ratsnest
                   JTBTB_LS1.8*     172.638   82.564 L 2824.270  ratsnest
        TOTAL         0 VIA(S)                         2824.270  mils
 - - - - - - - - - - - - - - - - - - - - - - - - - - - - - - - - - - - - - - -  
 -LID_CLOSE
                   JTBTC_LS1.19*   2016.615  161.600 L    0.000  
                   R11154.2        1959.200  236.000 L  131.815  ratsnest
                   R11153.2*       1935.200  236.000 L  155.815  ratsnest
        TOTAL         0 VIA(S)                          155.815  mils
 - - - - - - - - - - - - - - - - - - - - - - - - - - - - - - - - - - - - - - -  
 -RT2_SPI_CS
                   U291.B6*        2567.800  123.700 L    0.000  
                   TP1821.1        2321.000   50.000 L  320.500  ratsnest
                   U6321.1         2297.300   52.000 L  346.200  ratsnest
                   R11158.1*       2266.000   50.000 L  379.500  ratsnest
        TOTAL         0 VIA(S)                          379.500  mils
 - - - - - - - - - - - - - - - - - - - - - - - - - - - - - - - - - - - - - - -  
 -RT_B_RESET
                   JTBTB_LS1.12*    200.197   82.564 L    0.000  
                   U290.L11*       1165.900  140.700 L 1023.839  ratsnest
        TOTAL         0 VIA(S)                         1023.839  mils
 - - - - - - - - - - - - - - - - - - - - - - - - - - - - - - - - - - - - - - -  
 -RT_C_RESET
                   JTBTC_LS1.12*   1961.497   82.564 L    0.000  
                   U291.L11*       2477.300  286.700 L  719.939  ratsnest
        TOTAL         0 VIA(S)                          719.939  mils
 - - - - - - - - - - - - - - - - - - - - - - - - - - - - - - - - - - - - - - -  
 -RT_PERST
                   U291.B8*        2531.600  123.700 L    0.000  
                   JTBTC_LS1.10    1947.718   82.564 L  625.018  ratsnest
                   U290.B8         1111.600  303.700 L 1682.272  ratsnest
                   JTBTB_LS1.10*    186.418   82.564 L 2828.590  ratsnest
        TOTAL         0 VIA(S)                         2828.590  mils
 - - - - - - - - - - - - - - - - - - - - - - - - - - - - - - - - - - - - - - -  
 -RT_SPI_CS
                   TP1815.1*       1470.500 -142.000 L    0.000  
                   U184.1          1111.850  338.450 L  839.100  ratsnest
                   R10076.1        1080.000  336.000 L  873.400  ratsnest
                   U290.B6*        1075.400  303.700 L  910.300  ratsnest
        TOTAL         0 VIA(S)                          910.300  mils
 - - - - - - - - - - - - - - - - - - - - - - - - - - - - - - - - - - - - - - -  
 I2C3_CLK_PD
                   U291.C9*        2507.600  154.000 L    0.000  
|------------------------------------------------------------------------------|
|                             ECL  LOADING  REPORT                             |
|                                                                    Page   2  |
|------------------------------------------------------------------------------|
|  C:/1/546-0922-1.brd                                                         |
|  dimensions in mils                                Wed Sep 23 17:49:29 2020  |
|------------------------------------------------------------------------------|
|                   refdes                                                     |
|  net name         pinid               x        y       length   layer        |
|- - - - - - - - - - - - - - - - - - - - - - - - - - - - - - - - - - - - - - - |
                   JTBTC_LS1.4     1906.379   82.564 L  672.657  ratsnest
                   U290.C9         1135.600  273.400 L 1634.272  ratsnest
                   JTBTB_LS1.4*     145.079   82.564 L 2815.629  ratsnest
        TOTAL         0 VIA(S)                         2815.629  mils
 - - - - - - - - - - - - - - - - - - - - - - - - - - - - - - - - - - - - - - -  
 I2C3_DATA_PD
                   U291.E7*        2533.200  179.600 L    0.000  
                   JTBTC_LS1.6     1920.159   82.564 L  710.077  ratsnest
                   U290.E7         1110.000  247.800 L 1685.472  ratsnest
                   JTBTB_LS1.6*     158.859   82.564 L 2801.849  ratsnest
        TOTAL         0 VIA(S)                         2801.849  mils
 - - - - - - - - - - - - - - - - - - - - - - - - - - - - - - - - - - - - - - -  
 N23368023
                   U203.B4*        1474.700   66.600 L    0.000  
                   R3189.1*        1486.000   31.500 L   46.400  ratsnest
        TOTAL         0 VIA(S)                           46.400  mils
 - - - - - - - - - - - - - - - - - - - - - - - - - - - - - - - - - - - - - - -  
 N23368125
                   U203.A4*        1490.400   66.600 L    0.000  
                   C3224.2*        1533.000   35.500 L   73.700  ratsnest
        TOTAL         0 VIA(S)                           73.700  mils
 - - - - - - - - - - - - - - - - - - - - - - - - - - - - - - - - - - - - - - -  
 N23386069
                   R11152.1*       2511.000   53.000 L    0.000  
                   U291.A9*        2513.500  105.600 L   55.100  ratsnest
        TOTAL         0 VIA(S)                           55.100  mils
 - - - - - - - - - - - - - - - - - - - - - - - - - - - - - - - - - - - - - - -  
 N23403322
                   U6320.3*        1307.000  680.100 L    0.000  
                   R11153.1*       1912.200  236.000 L 1049.300  ratsnest
        TOTAL         0 VIA(S)                         1049.300  mils
 - - - - - - - - - - - - - - - - - - - - - - - - - - - - - - - - - - - - - - -  
 N23403370
                   U6320.4*        1247.900  680.100 L    0.000  
                   R11154.1*       1982.200  236.000 L 1178.400  ratsnest
        TOTAL         0 VIA(S)                         1178.400  mils
 - - - - - - - - - - - - - - - - - - - - - - - - - - - - - - - - - - - - - - -  
 N23407322
                   U290.A4*        1039.100  321.800 L    0.000  
                   R11155.2        1027.500  380.000 L   69.800  ratsnest
                   R10144.1*       1006.500  380.000 L   90.800  ratsnest
        TOTAL         0 VIA(S)                           90.800  mils
 - - - - - - - - - - - - - - - - - - - - - - - - - - - - - - - - - - - - - - -  
 N23407514
                   R10170.1*       2659.000   53.000 L    0.000  
                   R11156.2        2638.000   53.000 L   21.000  ratsnest
|------------------------------------------------------------------------------|
|                             ECL  LOADING  REPORT                             |
|                                                                    Page   3  |
|------------------------------------------------------------------------------|
|  C:/1/546-0922-1.brd                                                         |
|  dimensions in mils                                Wed Sep 23 17:49:29 2020  |
|------------------------------------------------------------------------------|
|                   refdes                                                     |
|  net name         pinid               x        y       length   layer        |
|- - - - - - - - - - - - - - - - - - - - - - - - - - - - - - - - - - - - - - - |
                   U291.A4*        2604.100  105.600 L  107.500  ratsnest
        TOTAL         0 VIA(S)                          107.500  mils
 - - - - - - - - - - - - - - - - - - - - - - - - - - - - - - - - - - - - - - -  
 N23455390
                   U6321.7*        2403.600   71.700 L    0.000  
                   R11157.1*       2440.500   73.000 L   38.200  ratsnest
        TOTAL         0 VIA(S)                           38.200  mils
 - - - - - - - - - - - - - - - - - - - - - - - - - - - - - - - - - - - - - - -  
 N23455396
                   R11160.1*       2266.000   92.000 L    0.000  
                   U6321.3*        2297.300   91.400 L   31.900  ratsnest
        TOTAL         0 VIA(S)                           31.900  mils
 - - - - - - - - - - - - - - - - - - - - - - - - - - - - - - - - - - - - - - -  
 N151138120
                   R10074.1*       1036.500  141.000 L    0.000  
                   U290.L4*        1039.100  140.700 L    2.900  ratsnest
        TOTAL         0 VIA(S)                            2.900  mils
 - - - - - - - - - - - - - - - - - - - - - - - - - - - - - - - - - - - - - - -  
 N151138161
                   U290.L5*        1057.200  140.700 L    0.000  
                   R10074.2*       1059.500  141.000 L    2.600  ratsnest
        TOTAL         0 VIA(S)                            2.600  mils
 - - - - - - - - - - - - - - - - - - - - - - - - - - - - - - - - - - - - - - -  
 N151140795
                   Y12.1*          1312.100   40.900 L    0.000  
                   C8946.1         1238.500   53.500 L   86.200  ratsnest
                   R10079.1*       1217.500   54.000 L  107.700  ratsnest
        TOTAL         0 VIA(S)                          107.700  mils
 - - - - - - - - - - - - - - - - - - - - - - - - - - - - - - - - - - - - - - -  
 N151163297
                   U291.L4*        2604.100  286.700 L    0.000  
                   R10080.1*       2607.000  286.500 L    3.100  ratsnest
        TOTAL         0 VIA(S)                            3.100  mils
 - - - - - - - - - - - - - - - - - - - - - - - - - - - - - - - - - - - - - - -  
 N151163309
                   R10080.2*       2584.000  286.500 L    0.000  
                   U291.L5*        2586.000  286.700 L    2.200  ratsnest
        TOTAL         0 VIA(S)                            2.200  mils
 - - - - - - - - - - - - - - - - - - - - - - - - - - - - - - - - - - - - - - -  
 N151163661
                   Y13.1*          2598.900  446.900 L    0.000  
                   C8956.1         2567.000  440.000 L   38.800  ratsnest
                   R10081.1*       2567.000  419.000 L   59.800  ratsnest
        TOTAL         0 VIA(S)                           59.800  mils
 - - - - - - - - - - - - - - - - - - - - - - - - - - - - - - - - - - - - - - -  
 N151394239
|------------------------------------------------------------------------------|
|                             ECL  LOADING  REPORT                             |
|                                                                    Page   4  |
|------------------------------------------------------------------------------|
|  C:/1/546-0922-1.brd                                                         |
|  dimensions in mils                                Wed Sep 23 17:49:29 2020  |
|------------------------------------------------------------------------------|
|                   refdes                                                     |
|  net name         pinid               x        y       length   layer        |
|- - - - - - - - - - - - - - - - - - - - - - - - - - - - - - - - - - - - - - - |
                   U290.L1*         984.800  140.700 L    0.000  
                   U290.M1          984.800  122.600 L   18.100  ratsnest
                   L121.1*          899.500  106.000 L  120.000  ratsnest
        TOTAL         0 VIA(S)                          120.000  mils
 - - - - - - - - - - - - - - - - - - - - - - - - - - - - - - - - - - - - - - -  
 N151396031
                   L122.1*         2752.000  317.000 L    0.000  
                   U291.M1         2658.400  304.800 L  105.800  ratsnest
                   U291.L1*        2658.400  286.700 L  123.900  ratsnest
        TOTAL         0 VIA(S)                          123.900  mils
 - - - - - - - - - - - - - - - - - - - - - - - - - - - - - - - - - - - - - - -  
 N151484425
                   R10147.2*       1111.500  380.000 L    0.000  
                   R10142.1        1090.500  380.000 L   21.000  ratsnest
                   U290.A6*        1075.400  321.800 L   94.300  ratsnest
        TOTAL         0 VIA(S)                           94.300  mils
 - - - - - - - - - - - - - - - - - - - - - - - - - - - - - - - - - - - - - - -  
 N151484427
                   R10143.1*       1069.500  380.000 L    0.000  
                   R10148.2        1048.500  380.000 L   21.000  ratsnest
                   U290.A5*        1057.200  321.800 L   87.900  ratsnest
        TOTAL         0 VIA(S)                           87.900  mils
 - - - - - - - - - - - - - - - - - - - - - - - - - - - - - - - - - - - - - - -  
 N151484453
                   U290.A9*        1129.700  321.800 L    0.000  
                   R10146.1*       1180.500  380.000 L  109.000  ratsnest
        TOTAL         0 VIA(S)                          109.000  mils
 - - - - - - - - - - - - - - - - - - - - - - - - - - - - - - - - - - - - - - -  
 N151484455
                   U290.A8*        1111.600  321.800 L    0.000  
                   R10145.1*       1135.000  380.000 L   81.600  ratsnest
        TOTAL         0 VIA(S)                           81.600  mils
 - - - - - - - - - - - - - - - - - - - - - - - - - - - - - - - - - - - - - - -  
 N151484465
                   U290.B9*        1129.700  303.700 L    0.000  
                   R10151.2*       1159.000  380.000 L  105.600  ratsnest
        TOTAL         0 VIA(S)                          105.600  mils
 - - - - - - - - - - - - - - - - - - - - - - - - - - - - - - - - - - - - - - -  
 N151484806
                   R10152.2*        980.500  380.000 L    0.000  
                   U290.A3*        1021.000  321.800 L   98.700  ratsnest
        TOTAL         0 VIA(S)                           98.700  mils
 - - - - - - - - - - - - - - - - - - - - - - - - - - - - - - - - - - - - - - -  
 N151484818
                   R10153.2*        966.800  360.400 L    0.000  
                   U290.C3*        1033.200  273.400 L  153.400  ratsnest
|------------------------------------------------------------------------------|
|                             ECL  LOADING  REPORT                             |
|                                                                    Page   5  |
|------------------------------------------------------------------------------|
|  C:/1/546-0922-1.brd                                                         |
|  dimensions in mils                                Wed Sep 23 17:49:29 2020  |
|------------------------------------------------------------------------------|
|                   refdes                                                     |
|  net name         pinid               x        y       length   layer        |
|- - - - - - - - - - - - - - - - - - - - - - - - - - - - - - - - - - - - - - - |
        TOTAL         0 VIA(S)                          153.400  mils
 - - - - - - - - - - - - - - - - - - - - - - - - - - - - - - - - - - - - - - -  
 N151484830
                   R10154.2*        987.800  360.400 L    0.000  
                   U290.B5*        1057.200  303.700 L  126.100  ratsnest
        TOTAL         0 VIA(S)                          126.100  mils
 - - - - - - - - - - - - - - - - - - - - - - - - - - - - - - - - - - - - - - -  
 N151484842
                   R10155.2*       1008.800  360.400 L    0.000  
                   U290.C5*        1058.800  273.400 L  137.000  ratsnest
        TOTAL         0 VIA(S)                          137.000  mils
 - - - - - - - - - - - - - - - - - - - - - - - - - - - - - - - - - - - - - - -  
 N151484909
                   R10156.2*        959.000  380.000 L    0.000  
                   U290.B3*        1021.000  303.700 L  138.300  ratsnest
        TOTAL         0 VIA(S)                          138.300  mils
 - - - - - - - - - - - - - - - - - - - - - - - - - - - - - - - - - - - - - - -  
 N151485197
                   U291.A3*        2622.200  105.600 L    0.000  
                   R10157.2*       2680.500   53.000 L  110.900  ratsnest
        TOTAL         0 VIA(S)                          110.900  mils
 - - - - - - - - - - - - - - - - - - - - - - - - - - - - - - - - - - - - - - -  
 N151485209
                   U291.C3*        2610.000  154.000 L    0.000  
                   R10158.2*       2626.500  101.500 L   69.000  ratsnest
        TOTAL         0 VIA(S)                           69.000  mils
 - - - - - - - - - - - - - - - - - - - - - - - - - - - - - - - - - - - - - - -  
 N151485211
                   U291.B5*        2586.000  123.700 L    0.000  
                   R10159.2*       2605.000  101.500 L   41.200  ratsnest
        TOTAL         0 VIA(S)                           41.200  mils
 - - - - - - - - - - - - - - - - - - - - - - - - - - - - - - - - - - - - - - -  
 N151485223
                   R10160.2*       2584.000  101.500 L    0.000  
                   U291.C5*        2584.400  154.000 L   52.900  ratsnest
        TOTAL         0 VIA(S)                           52.900  mils
 - - - - - - - - - - - - - - - - - - - - - - - - - - - - - - - - - - - - - - -  
 N151485302
                   U291.B3*        2622.200  123.700 L    0.000  
                   R10161.2*       2701.500   53.000 L  150.000  ratsnest
        TOTAL         0 VIA(S)                          150.000  mils
 - - - - - - - - - - - - - - - - - - - - - - - - - - - - - - - - - - - - - - -  
 N151485666
                   U291.A6*        2567.800  105.600 L    0.000  
                   R10168.1        2575.000   53.000 L   59.800  ratsnest
                   R10163.2*       2554.000   53.000 L   80.800  ratsnest
|------------------------------------------------------------------------------|
|                             ECL  LOADING  REPORT                             |
|                                                                    Page   6  |
|------------------------------------------------------------------------------|
|  C:/1/546-0922-1.brd                                                         |
|  dimensions in mils                                Wed Sep 23 17:49:29 2020  |
|------------------------------------------------------------------------------|
|                   refdes                                                     |
|  net name         pinid               x        y       length   layer        |
|- - - - - - - - - - - - - - - - - - - - - - - - - - - - - - - - - - - - - - - |
        TOTAL         0 VIA(S)                           80.800  mils
 - - - - - - - - - - - - - - - - - - - - - - - - - - - - - - - - - - - - - - -  
 N151485668
                   R10164.2*       2617.000   53.000 L    0.000  
                   R10169.1        2596.000   53.000 L   21.000  ratsnest
                   U291.A5*        2586.000  105.600 L   83.600  ratsnest
        TOTAL         0 VIA(S)                           83.600  mils
 - - - - - - - - - - - - - - - - - - - - - - - - - - - - - - - - - - - - - - -  
 N151485706
                   U291.A8*        2531.600  105.600 L    0.000  
                   R10171.1*       2532.000   53.000 L   53.000  ratsnest
        TOTAL         0 VIA(S)                           53.000  mils
 - - - - - - - - - - - - - - - - - - - - - - - - - - - - - - - - - - - - - - -  
 N151485716
                   R10167.2*       2490.000   53.000 L    0.000  
                   U291.B9*        2513.500  123.700 L   94.200  ratsnest
        TOTAL         0 VIA(S)                           94.200  mils
 - - - - - - - - - - - - - - - - - - - - - - - - - - - - - - - - - - - - - - -  
 N153974920
                   R10077.1*       1080.000  378.000 L    0.000  
                   U184.3*         1111.850  377.850 L   32.000  ratsnest
        TOTAL         0 VIA(S)                           32.000  mils
 - - - - - - - - - - - - - - - - - - - - - - - - - - - - - - - - - - - - - - -  
 N153975429
                   U184.7*         1218.150  358.150 L    0.000  
                   R10078.1*       1251.000  375.000 L   49.700  ratsnest
        TOTAL         0 VIA(S)                           49.700  mils
 - - - - - - - - - - - - - - - - - - - - - - - - - - - - - - - - - - - - - - -  
 N170957230
                   R10765.1*       2394.200  280.800 L    0.000  
                   U6319.B4*       2424.200  308.800 L   58.000  ratsnest
        TOTAL         0 VIA(S)                           58.000  mils
 - - - - - - - - - - - - - - - - - - - - - - - - - - - - - - - - - - - - - - -  
 N170957300
                   C9718.2*        2376.500  312.000 L    0.000  
                   U6319.A4*       2408.500  308.800 L   35.200  ratsnest
        TOTAL         0 VIA(S)                           35.200  mils
 - - - - - - - - - - - - - - - - - - - - - - - - - - - - - - - - - - - - - - -  
 RT2_SPI_CLK
                   U291.C7*        2533.200  154.000 L    0.000  
                   U6321.6         2403.600   91.400 L  192.200  ratsnest
                   TP1824.1*       2380.000   50.000 L  257.200  ratsnest
        TOTAL         0 VIA(S)                          257.200  mils
 - - - - - - - - - - - - - - - - - - - - - - - - - - - - - - - - - - - - - - -  
 RT2_SPI_MISO
                   U291.B4*        2604.100  123.700 L    0.000  
|------------------------------------------------------------------------------|
|                             ECL  LOADING  REPORT                             |
|                                                                    Page   7  |
|------------------------------------------------------------------------------|
|  C:/1/546-0922-1.brd                                                         |
|  dimensions in mils                                Wed Sep 23 17:49:29 2020  |
|------------------------------------------------------------------------------|
|                   refdes                                                     |
|  net name         pinid               x        y       length   layer        |
|- - - - - - - - - - - - - - - - - - - - - - - - - - - - - - - - - - - - - - - |
                   U6321.2         2297.300   71.700 L  358.800  ratsnest
                   R11159.1        2266.000   71.000 L  390.800  ratsnest
                   TP1823.1*       2259.000  110.000 L  436.800  ratsnest
        TOTAL         0 VIA(S)                          436.800  mils
 - - - - - - - - - - - - - - - - - - - - - - - - - - - - - - - - - - - - - - -  
 RT2_SPI_MOSI
                   U291.C6*        2558.800  154.000 L    0.000  
                   U6321.5         2403.600  111.100 L  198.100  ratsnest
                   TP1826.1*       2321.500  111.000 L  280.300  ratsnest
        TOTAL         0 VIA(S)                          280.300  mils
 - - - - - - - - - - - - - - - - - - - - - - - - - - - - - - - - - - - - - - -  
 RT_B_XTAL_25_IN
                   Y12.3*          1268.800   96.000 L    0.000  
                   C8947.1         1238.500   85.500 L   40.800  ratsnest
                   U290.L9*        1129.700  140.700 L  204.800  ratsnest
        TOTAL         0 VIA(S)                          204.800  mils
 - - - - - - - - - - - - - - - - - - - - - - - - - - - - - - - - - - - - - - -  
 RT_B_XTAL_25_OUT
                   U290.M9*        1129.700  122.600 L    0.000  
                   R10079.2*       1194.500   54.000 L  133.400  ratsnest
        TOTAL         0 VIA(S)                          133.400  mils
 - - - - - - - - - - - - - - - - - - - - - - - - - - - - - - - - - - - - - - -  
 RT_C_XTAL_25_IN
                   Y13.3*          2654.000  490.200 L    0.000  
                   C8957.1         2629.000  417.000 L   98.200  ratsnest
                   U291.L9*        2513.500  286.700 L  344.000  ratsnest
        TOTAL         0 VIA(S)                          344.000  mils
 - - - - - - - - - - - - - - - - - - - - - - - - - - - - - - - - - - - - - - -  
 RT_C_XTAL_25_OUT
                   U291.M9*        2513.500  304.800 L    0.000  
                   R10081.2*       2567.000  396.000 L  144.700  ratsnest
        TOTAL         0 VIA(S)                          144.700  mils
 - - - - - - - - - - - - - - - - - - - - - - - - - - - - - - - - - - - - - - -  
 RT_FORCE_PWR
                   U291.B10*       2495.400  123.700 L    0.000  
                   JTBTC_LS1.14    1975.277   82.564 L  561.259  ratsnest
                   U290.B10        1147.800  303.700 L 1609.872  ratsnest
                   JTBTB_LS1.14*    213.977   82.564 L 2764.831  ratsnest
        TOTAL         0 VIA(S)                         2764.831  mils
 - - - - - - - - - - - - - - - - - - - - - - - - - - - - - - - - - - - - - - -  
 RT_SPI_CLK
                   U184.6*         1218.150  377.850 L    0.000  
                   U290.C7         1110.000  273.400 L  212.600  ratsnest
                   TP1819.1*       1177.500 -145.500 L  699.000  ratsnest
        TOTAL         0 VIA(S)                          699.000  mils
 - - - - - - - - - - - - - - - - - - - - - - - - - - - - - - - - - - - - - - -  
|------------------------------------------------------------------------------|
|                             ECL  LOADING  REPORT                             |
|                                                                    Page   8  |
|------------------------------------------------------------------------------|
|  C:/1/546-0922-1.brd                                                         |
|  dimensions in mils                                Wed Sep 23 17:49:29 2020  |
|------------------------------------------------------------------------------|
|                   refdes                                                     |
|  net name         pinid               x        y       length   layer        |
|- - - - - - - - - - - - - - - - - - - - - - - - - - - - - - - - - - - - - - - |
 RT_SPI_MISO
                   TP1816.1*       1400.500 -144.000 L    0.000  
                   U184.2          1111.850  358.150 L  790.800  ratsnest
                   R10075.1        1080.000  357.000 L  823.800  ratsnest
                   U290.B4*        1039.100  303.700 L  918.000  ratsnest
        TOTAL         0 VIA(S)                          918.000  mils
 - - - - - - - - - - - - - - - - - - - - - - - - - - - - - - - - - - - - - - -  
 RT_SPI_MOSI
                   TP1820.1*       1254.500 -143.000 L    0.000  
                   U184.5          1218.150  397.550 L  576.900  ratsnest
                   U290.C6*        1084.400  273.400 L  834.800  ratsnest
        TOTAL         0 VIA(S)                          834.800  mils
 - - - - - - - - - - - - - - - - - - - - - - - - - - - - - - - - - - - - - - -  
 SML0_CLK
                   U291.A7*        2549.700  105.600 L    0.000  
                   JTBTC_LS1.1     1892.600  161.600 L  713.100  ratsnest
                   U290.A7         1093.500  321.800 L 1672.400  ratsnest
                   JTBTB_LS1.1*     131.300  161.600 L 2794.800  ratsnest
        TOTAL         0 VIA(S)                         2794.800  mils
 - - - - - - - - - - - - - - - - - - - - - - - - - - - - - - - - - - - - - - -  
 SML0_DATA
                   U291.B7*        2549.700  123.700 L    0.000  
                   JTBTC_LS1.2     1892.600   82.564 L  698.236  ratsnest
                   U290.B7         1093.500  303.700 L 1718.472  ratsnest
                   JTBTB_LS1.2*     131.300   82.564 L 2901.808  ratsnest
        TOTAL         0 VIA(S)                         2901.808  mils
 - - - - - - - - - - - - - - - - - - - - - - - - - - - - - - - - - - - - - - -  
 TBTB_CC1
                   JTBTB_LS1.5*     158.859  161.600 L    0.000  
                   U203.D3*        1443.200   82.300 L 1363.641  ratsnest
        TOTAL         0 VIA(S)                         1363.641  mils
 - - - - - - - - - - - - - - - - - - - - - - - - - - - - - - - - - - - - - - -  
 TBTB_CC2
                   JTBTB_LS1.7*     172.638  161.600 L    0.000  
                   U203.D4*        1443.200   66.600 L 1365.562  ratsnest
        TOTAL         0 VIA(S)                         1365.562  mils
 - - - - - - - - - - - - - - - - - - - - - - - - - - - - - - - - - - - - - - -  
 TBTB_CC1_CONN
                   J59.A5*         1635.070  400.538 L    0.000  
                   U203.A2         1490.400   98.100 L  447.108  ratsnest
                   U203.B2*        1474.700   98.100 L  462.808  ratsnest
        TOTAL         0 VIA(S)                          462.808  mils
 - - - - - - - - - - - - - - - - - - - - - - - - - - - - - - - - - - - - - - -  
 TBTB_CC2_CONN
                   J59.B5*         1585.858  465.498 L    0.000  
                   U203.A3         1490.400   82.300 L  478.656  ratsnest
|------------------------------------------------------------------------------|
|                             ECL  LOADING  REPORT                             |
|                                                                    Page   9  |
|------------------------------------------------------------------------------|
|  C:/1/546-0922-1.brd                                                         |
|  dimensions in mils                                Wed Sep 23 17:49:29 2020  |
|------------------------------------------------------------------------------|
|                   refdes                                                     |
|  net name         pinid               x        y       length   layer        |
|- - - - - - - - - - - - - - - - - - - - - - - - - - - - - - - - - - - - - - - |
                   U203.B3*        1474.700   82.300 L  494.356  ratsnest
        TOTAL         0 VIA(S)                          494.356  mils
 - - - - - - - - - - - - - - - - - - - - - - - - - - - - - - - - - - - - - - -  
 TBTB_RX1N
                   U290.J11*       1165.900  176.900 L    0.000  
                   R3608.1*        1509.500  218.500 L  385.200  ratsnest
        TOTAL         0 VIA(S)                          385.200  mils
 - - - - - - - - - - - - - - - - - - - - - - - - - - - - - - - - - - - - - - -  
 TBTB_RX1N_C
                   J59.B10*        1684.283  465.498 L    0.000  
                   R3610.2         1618.000  218.500 L  313.281  ratsnest
                   C3602.1*        1597.500  220.500 L  335.781  ratsnest
        TOTAL         0 VIA(S)                          335.781  mils
 - - - - - - - - - - - - - - - - - - - - - - - - - - - - - - - - - - - - - - -  
 TBTB_RX1N_R
                   C3602.2*        1574.500  220.500 L    0.000  
                   D357.1          1553.500  217.200 L   24.300  ratsnest
                   R3608.2*        1532.500  218.500 L   46.600  ratsnest
        TOTAL         0 VIA(S)                           46.600  mils
 - - - - - - - - - - - - - - - - - - - - - - - - - - - - - - - - - - - - - - -  
 TBTB_RX1P
                   U290.J12*       1184.000  176.900 L    0.000  
                   R3607.1*        1509.500  197.500 L  346.100  ratsnest
        TOTAL         0 VIA(S)                          346.100  mils
 - - - - - - - - - - - - - - - - - - - - - - - - - - - - - - - - - - - - - - -  
 TBTB_RX1P_C
                   J59.B11*        1703.968  465.498 L    0.000  
                   R3609.2         1618.000  198.500 L  352.966  ratsnest
                   C3603.1*        1597.500  198.000 L  373.966  ratsnest
        TOTAL         0 VIA(S)                          373.966  mils
 - - - - - - - - - - - - - - - - - - - - - - - - - - - - - - - - - - - - - - -  
 TBTB_RX1P_R
                   C3603.2*        1574.500  198.000 L    0.000  
                   D356.1          1553.500  199.400 L   22.400  ratsnest
                   R3607.2*        1532.500  197.500 L   45.300  ratsnest
        TOTAL         0 VIA(S)                           45.300  mils
 - - - - - - - - - - - - - - - - - - - - - - - - - - - - - - - - - - - - - - -  
 TBTB_RX2N
                   U290.C11*       1165.900  285.600 L    0.000  
                   R11045.1*       1334.500  282.000 L  172.200  ratsnest
        TOTAL         0 VIA(S)                          172.200  mils
 - - - - - - - - - - - - - - - - - - - - - - - - - - - - - - - - - - - - - - -  
 TBTB_RX2N_C
                   C10093.2*       1423.000  281.500 L    0.000  
                   R3603.2         1443.500  283.000 L   22.000  ratsnest
                   J59.A10*        1536.645  400.538 L  197.451  TOP
|------------------------------------------------------------------------------|
|                             ECL  LOADING  REPORT                             |
|                                                                    Page  10  |
|------------------------------------------------------------------------------|
|  C:/1/546-0922-1.brd                                                         |
|  dimensions in mils                                Wed Sep 23 17:49:29 2020  |
|------------------------------------------------------------------------------|
|                   refdes                                                     |
|  net name         pinid               x        y       length   layer        |
|- - - - - - - - - - - - - - - - - - - - - - - - - - - - - - - - - - - - - - - |
        TOTAL         0 VIA(S)                          197.451  mils
 - - - - - - - - - - - - - - - - - - - - - - - - - - - - - - - - - - - - - - -  
 TBTB_RX2N_R
                   C10093.1*       1400.000  281.500 L    0.000  
                   D354.1          1378.500  283.400 L   23.400  ratsnest
                   R11045.2*       1357.500  282.000 L   45.800  ratsnest
        TOTAL         0 VIA(S)                           45.800  mils
 - - - - - - - - - - - - - - - - - - - - - - - - - - - - - - - - - - - - - - -  
 TBTB_RX2P
                   U290.C12*       1184.000  285.600 L    0.000  
                   R11046.1*       1334.500  303.000 L  167.900  ratsnest
        TOTAL         0 VIA(S)                          167.900  mils
 - - - - - - - - - - - - - - - - - - - - - - - - - - - - - - - - - - - - - - -  
 TBTB_RX2P_C
                   C10094.2*       1423.000  304.000 L    0.000  
                   R6304.2         1443.500  303.000 L   21.500  ratsnest
                   J59.A11*        1516.960  400.538 L  185.145  TOP
        TOTAL         0 VIA(S)                          185.145  mils
 - - - - - - - - - - - - - - - - - - - - - - - - - - - - - - - - - - - - - - -  
 TBTB_RX2P_R
                   C10094.1*       1400.000  304.000 L    0.000  
                   D355.1          1378.500  301.600 L   23.900  ratsnest
                   R11046.2*       1357.500  303.000 L   46.300  ratsnest
        TOTAL         0 VIA(S)                           46.300  mils
 - - - - - - - - - - - - - - - - - - - - - - - - - - - - - - - - - - - - - - -  
 TBTB_SBU1
                   U290.M10*       1147.800  122.600 L    0.000  
                   U203.D1*        1443.200  113.800 L  304.200  ratsnest
        TOTAL         0 VIA(S)                          304.200  mils
 - - - - - - - - - - - - - - - - - - - - - - - - - - - - - - - - - - - - - - -  
 TBTB_SBU2
                   U290.L10*       1147.800  140.700 L    0.000  
                   U203.D2*        1443.200   98.100 L  338.000  ratsnest
        TOTAL         0 VIA(S)                          338.000  mils
 - - - - - - - - - - - - - - - - - - - - - - - - - - - - - - - - - - - - - - -  
 TBTB_SBU1_CONN
                   U203.B1*        1474.700  113.800 L    0.000  
                   J59.A8*         1576.015  400.538 L  388.053  ratsnest
        TOTAL         0 VIA(S)                          388.053  mils
 - - - - - - - - - - - - - - - - - - - - - - - - - - - - - - - - - - - - - - -  
 TBTB_SBU2_CONN
                   U203.A1*        1490.400  113.800 L    0.000  
                   J59.B8*         1644.913  465.498 L  506.211  ratsnest
        TOTAL         0 VIA(S)                          506.211  mils
 - - - - - - - - - - - - - - - - - - - - - - - - - - - - - - - - - - - - - - -  
 TBTB_TX1N
|------------------------------------------------------------------------------|
|                             ECL  LOADING  REPORT                             |
|                                                                    Page  11  |
|------------------------------------------------------------------------------|
|  C:/1/546-0922-1.brd                                                         |
|  dimensions in mils                                Wed Sep 23 17:49:29 2020  |
|------------------------------------------------------------------------------|
|                   refdes                                                     |
|  net name         pinid               x        y       length   layer        |
|- - - - - - - - - - - - - - - - - - - - - - - - - - - - - - - - - - - - - - - |
                   U290.G11*       1165.900  213.100 L    0.000  
                   R3602.1*        1509.500  218.500 L  349.000  ratsnest
        TOTAL         0 VIA(S)                          349.000  mils
 - - - - - - - - - - - - - - - - - - - - - - - - - - - - - - - - - - - - - - -  
 TBTB_TX1N_C
                   C3020.2*        1597.500  218.500 L    0.000  
                   R3606.2         1618.000  218.500 L   20.500  ratsnest
                   J59.A3*         1674.440  400.538 L  252.413  TOP
        TOTAL         0 VIA(S)                          252.413  mils
 - - - - - - - - - - - - - - - - - - - - - - - - - - - - - - - - - - - - - - -  
 TBTB_TX1N_R
                   C3020.1*        1574.500  218.500 L    0.000  
                   D349.1          1553.500  217.100 L   22.400  ratsnest
                   R3602.2*        1532.500  218.500 L   44.800  ratsnest
        TOTAL         0 VIA(S)                           44.800  mils
 - - - - - - - - - - - - - - - - - - - - - - - - - - - - - - - - - - - - - - -  
 TBTB_TX1P
                   U290.G12*       1184.000  213.100 L    0.000  
                   R3601.1*        1509.500  197.500 L  341.100  ratsnest
        TOTAL         0 VIA(S)                          341.100  mils
 - - - - - - - - - - - - - - - - - - - - - - - - - - - - - - - - - - - - - - -  
 TBTB_TX1P_C
                   C3019.2*        1597.500  198.500 L    0.000  
                   R3605.2         1618.000  198.500 L   20.500  ratsnest
                   J59.A2*         1694.125  400.538 L  263.887  TOP
        TOTAL         0 VIA(S)                          263.887  mils
 - - - - - - - - - - - - - - - - - - - - - - - - - - - - - - - - - - - - - - -  
 TBTB_TX1P_R
                   C3019.1*        1574.500  198.500 L    0.000  
                   D348.1          1553.500  199.400 L   21.900  ratsnest
                   R3601.2*        1532.500  197.500 L   44.800  ratsnest
        TOTAL         0 VIA(S)                           44.800  mils
 - - - - - - - - - - - - - - - - - - - - - - - - - - - - - - - - - - - - - - -  
 TBTB_TX2N
                   U290.E11*       1165.900  249.400 L    0.000  
                   R3613.1*        1334.500  282.000 L  201.200  ratsnest
        TOTAL         0 VIA(S)                          201.200  mils
 - - - - - - - - - - - - - - - - - - - - - - - - - - - - - - - - - - - - - - -  
 TBTB_TX2N_C
                   J59.B3*         1546.487  465.498 L    0.000  
                   R3611.2         1443.500  283.000 L  285.485  ratsnest
                   C3021.1*        1423.000  281.500 L  307.485  ratsnest
        TOTAL         0 VIA(S)                          307.485  mils
 - - - - - - - - - - - - - - - - - - - - - - - - - - - - - - - - - - - - - - -  
 TBTB_TX2N_R
                   C3021.2*        1400.000  281.500 L    0.000  
|------------------------------------------------------------------------------|
|                             ECL  LOADING  REPORT                             |
|                                                                    Page  12  |
|------------------------------------------------------------------------------|
|  C:/1/546-0922-1.brd                                                         |
|  dimensions in mils                                Wed Sep 23 17:49:29 2020  |
|------------------------------------------------------------------------------|
|                   refdes                                                     |
|  net name         pinid               x        y       length   layer        |
|- - - - - - - - - - - - - - - - - - - - - - - - - - - - - - - - - - - - - - - |
                   D362.1          1378.500  283.300 L   23.300  ratsnest
                   R3613.2*        1357.500  282.000 L   45.600  ratsnest
        TOTAL         0 VIA(S)                           45.600  mils
 - - - - - - - - - - - - - - - - - - - - - - - - - - - - - - - - - - - - - - -  
 TBTB_TX2P
                   U290.E12*       1184.000  249.400 L    0.000  
                   R3614.1*        1334.500  303.000 L  204.100  ratsnest
        TOTAL         0 VIA(S)                          204.100  mils
 - - - - - - - - - - - - - - - - - - - - - - - - - - - - - - - - - - - - - - -  
 TBTB_TX2P_C
                   J59.B2*         1526.802  465.498 L    0.000  
                   R3612.2         1443.500  303.000 L  245.800  ratsnest
                   C3022.1*        1423.000  304.000 L  267.300  ratsnest
        TOTAL         0 VIA(S)                          267.300  mils
 - - - - - - - - - - - - - - - - - - - - - - - - - - - - - - - - - - - - - - -  
 TBTB_TX2P_R
                   C3022.2*        1400.000  304.000 L    0.000  
                   D363.1          1378.500  301.700 L   23.800  ratsnest
                   R3614.2*        1357.500  303.000 L   46.100  ratsnest
        TOTAL         0 VIA(S)                           46.100  mils
 - - - - - - - - - - - - - - - - - - - - - - - - - - - - - - - - - - - - - - -  
 TBTB_VBUS20_CONN
                   J59.A4*         1654.755  400.538 L    0.000  
                   J59.B9          1664.598  465.498 L   74.803  ratsnest
                   J59.B4          1566.173  465.498 L  173.228  ratsnest
                   J59.A9          1556.330  400.538 L  248.031  ratsnest
                   JTBTB_LS1.27     103.741  158.893 L 1942.265  ratsnest
                   JTBTB_LS1.29      79.725  122.082 L 2003.092  ratsnest
                   JTBTB_LS1.25*    103.741   85.271 L 2063.919  ratsnest
        TOTAL         0 VIA(S)                         2063.919  mils
 - - - - - - - - - - - - - - - - - - - - - - - - - - - - - - - - - - - - - - -  
 TBTC_CC1
                   JTBTC_LS1.5*    1920.159  161.600 L    0.000  
                   U6319.D3*       2455.700  324.500 L  698.441  ratsnest
        TOTAL         0 VIA(S)                          698.441  mils
 - - - - - - - - - - - - - - - - - - - - - - - - - - - - - - - - - - - - - - -  
 TBTC_CC2
                   JTBTC_LS1.7*    1933.938  161.600 L    0.000  
                   U6319.D4*       2455.700  308.800 L  668.962  ratsnest
        TOTAL         0 VIA(S)                          668.962  mils
 - - - - - - - - - - - - - - - - - - - - - - - - - - - - - - - - - - - - - - -  
 TBTC_CC1_CONN
                   U6319.B2*       2424.200  340.300 L    0.000  
                   U6319.A2        2408.500  340.300 L   15.700  ratsnest
                   J1702.A5*       2170.503  400.538 L  313.935  ratsnest
        TOTAL         0 VIA(S)                          313.935  mils
|------------------------------------------------------------------------------|
|                             ECL  LOADING  REPORT                             |
|                                                                    Page  13  |
|------------------------------------------------------------------------------|
|  C:/1/546-0922-1.brd                                                         |
|  dimensions in mils                                Wed Sep 23 17:49:29 2020  |
|------------------------------------------------------------------------------|
|                   refdes                                                     |
|  net name         pinid               x        y       length   layer        |
|- - - - - - - - - - - - - - - - - - - - - - - - - - - - - - - - - - - - - - - |
 TBTC_CC2_CONN
                   U6319.B3*       2424.200  324.500 L    0.000  
                   U6319.A3        2408.500  324.500 L   15.700  ratsnest
                   J1702.B5*       2121.291  465.498 L  443.907  ratsnest
        TOTAL         0 VIA(S)                          443.907  mils
 - - - - - - - - - - - - - - - - - - - - - - - - - - - - - - - - - - - - - - -  
 TBTC_RX1N
                   R3702.1*        2319.150  238.651 L    0.000  
                   U291.J11*       2477.300  250.500 L  169.999  ratsnest
        TOTAL         0 VIA(S)                          169.999  mils
 - - - - - - - - - - - - - - - - - - - - - - - - - - - - - - - - - - - - - - -  
 TBTC_RX1N_C
                   C3715.1*        2256.218  300.169 L    0.000  
                   R3704.2         2242.429  315.372 L   28.992  ratsnest
                   J1702.B10*      2219.716  465.498 L  201.831  ratsnest
        TOTAL         0 VIA(S)                          201.831  mils
 - - - - - - - - - - - - - - - - - - - - - - - - - - - - - - - - - - - - - - -  
 TBTC_RX1N_R
                   R3702.2*        2302.887  254.914 L    0.000  
                   D8621.1         2289.028  270.754 L   29.699  ratsnest
                   C3715.2*        2272.481  283.906 L   59.398  ratsnest
        TOTAL         0 VIA(S)                           59.398  mils
 - - - - - - - - - - - - - - - - - - - - - - - - - - - - - - - - - - - - - - -  
 TBTC_RX1P
                   R3701.1*        2334.000  253.500 L    0.000  
                   U291.J12*       2459.200  250.500 L  128.200  ratsnest
        TOTAL         0 VIA(S)                          128.200  mils
 - - - - - - - - - - - - - - - - - - - - - - - - - - - - - - - - - - - - - - -  
 TBTC_RX1P_C
                   C3714.1*        2272.128  316.079 L    0.000  
                   R3703.2         2256.572  329.515 L   28.992  ratsnest
                   J1702.B11*      2239.401  465.498 L  182.146  ratsnest
        TOTAL         0 VIA(S)                          182.146  mils
 - - - - - - - - - - - - - - - - - - - - - - - - - - - - - - - - - - - - - - -  
 TBTC_RX1P_R
                   R3701.2*        2317.737  269.763 L    0.000  
                   D8620.1         2301.897  283.623 L   29.700  ratsnest
                   C3714.2*        2288.391  299.816 L   59.399  ratsnest
        TOTAL         0 VIA(S)                           59.399  mils
 - - - - - - - - - - - - - - - - - - - - - - - - - - - - - - - - - - - - - - -  
 TBTC_RX2N
                   R3709.1*        2196.000  276.500 L    0.000  
                   U291.C11*       2477.300  141.800 L  416.000  ratsnest
        TOTAL         0 VIA(S)                          416.000  mils
 - - - - - - - - - - - - - - - - - - - - - - - - - - - - - - - - - - - - - - -  
 TBTC_RX2N_C
|------------------------------------------------------------------------------|
|                             ECL  LOADING  REPORT                             |
|                                                                    Page  14  |
|------------------------------------------------------------------------------|
|  C:/1/546-0922-1.brd                                                         |
|  dimensions in mils                                Wed Sep 23 17:49:29 2020  |
|------------------------------------------------------------------------------|
|                   refdes                                                     |
|  net name         pinid               x        y       length   layer        |
|- - - - - - - - - - - - - - - - - - - - - - - - - - - - - - - - - - - - - - - |
                   C3703.2*        2108.000  277.500 L    0.000  
                   R3715.2         2087.500  276.500 L   21.500  ratsnest
                   J1702.A10*      2072.078  400.538 L  176.373  TOP
        TOTAL         0 VIA(S)                          176.373  mils
 - - - - - - - - - - - - - - - - - - - - - - - - - - - - - - - - - - - - - - -  
 TBTC_RX2N_R
                   R3709.2*        2173.000  276.500 L    0.000  
                   D8624.1         2152.000  275.100 L   22.400  ratsnest
                   C3703.1*        2131.000  277.500 L   45.800  ratsnest
        TOTAL         0 VIA(S)                           45.800  mils
 - - - - - - - - - - - - - - - - - - - - - - - - - - - - - - - - - - - - - - -  
 TBTC_RX2P
                   R3710.1*        2196.000  255.500 L    0.000  
                   U291.C12*       2459.200  141.800 L  376.900  ratsnest
        TOTAL         0 VIA(S)                          376.900  mils
 - - - - - - - - - - - - - - - - - - - - - - - - - - - - - - - - - - - - - - -  
 TBTC_RX2P_C
                   C3704.2*        2108.000  255.000 L    0.000  
                   R3716.2         2087.500  256.500 L   22.000  ratsnest
                   J1702.A11*      2052.393  400.538 L  188.347  TOP
        TOTAL         0 VIA(S)                          188.347  mils
 - - - - - - - - - - - - - - - - - - - - - - - - - - - - - - - - - - - - - - -  
 TBTC_RX2P_R
                   R3710.2*        2173.000  255.500 L    0.000  
                   D8622.1         2152.000  256.900 L   22.400  ratsnest
                   C3704.1*        2131.000  255.000 L   45.300  ratsnest
        TOTAL         0 VIA(S)                           45.300  mils
 - - - - - - - - - - - - - - - - - - - - - - - - - - - - - - - - - - - - - - -  
 TBTC_SBU1
                   U6319.D1*       2455.700  356.000 L    0.000  
                   U291.M10*       2495.400  304.800 L   90.900  ratsnest
        TOTAL         0 VIA(S)                           90.900  mils
 - - - - - - - - - - - - - - - - - - - - - - - - - - - - - - - - - - - - - - -  
 TBTC_SBU2
                   U6319.D2*       2455.700  340.300 L    0.000  
                   U291.L10*       2495.400  286.700 L   93.300  ratsnest
        TOTAL         0 VIA(S)                           93.300  mils
 - - - - - - - - - - - - - - - - - - - - - - - - - - - - - - - - - - - - - - -  
 TBTC_SBU1_CONN
                   J1702.A8*       2111.448  400.538 L    0.000  
                   U6319.B1*       2424.200  356.000 L  357.290  ratsnest
        TOTAL         0 VIA(S)                          357.290  mils
 - - - - - - - - - - - - - - - - - - - - - - - - - - - - - - - - - - - - - - -  
 TBTC_SBU2_CONN
                   J1702.B8*       2180.346  465.498 L    0.000  
                   U6319.A1*       2408.500  356.000 L  337.652  ratsnest
|------------------------------------------------------------------------------|
|                             ECL  LOADING  REPORT                             |
|                                                                    Page  15  |
|------------------------------------------------------------------------------|
|  C:/1/546-0922-1.brd                                                         |
|  dimensions in mils                                Wed Sep 23 17:49:29 2020  |
|------------------------------------------------------------------------------|
|                   refdes                                                     |
|  net name         pinid               x        y       length   layer        |
|- - - - - - - - - - - - - - - - - - - - - - - - - - - - - - - - - - - - - - - |
        TOTAL         0 VIA(S)                          337.652  mils
 - - - - - - - - - - - - - - - - - - - - - - - - - - - - - - - - - - - - - - -  
 TBTC_TX1N
                   R3712.1*        2338.939  220.354 L    0.000  
                   U291.G11*       2477.300  214.300 L  144.415  ratsnest
        TOTAL         0 VIA(S)                          144.415  mils
 - - - - - - - - - - - - - - - - - - - - - - - - - - - - - - - - - - - - - - -  
 TBTC_TX1N_C
                   C9723.2*        2277.068  282.932 L    0.000  
                   R3714.2         2262.218  297.074 L   28.992  ratsnest
                   J1702.A3*       2209.873  400.538 L  154.138  TOP
        TOTAL         0 VIA(S)                          154.138  mils
 - - - - - - - - - - - - - - - - - - - - - - - - - - - - - - - - - - - - - - -  
 TBTC_TX1N_R
                   R3712.2*        2322.676  236.617 L    0.000  
                   D8625.1         2308.817  252.456 L   29.698  ratsnest
                   C9723.1*        2293.331  266.669 L   59.397  ratsnest
        TOTAL         0 VIA(S)                           59.397  mils
 - - - - - - - - - - - - - - - - - - - - - - - - - - - - - - - - - - - - - - -  
 TBTC_TX1P
                   R3711.1*        2354.289  235.703 L    0.000  
                   U291.G12*       2459.200  214.300 L  126.314  ratsnest
        TOTAL         0 VIA(S)                          126.314  mils
 - - - - - - - - - - - - - - - - - - - - - - - - - - - - - - - - - - - - - - -  
 TBTC_TX1P_C
                   C9719.2*        2291.710  297.574 L    0.000  
                   R3713.2         2276.861  311.717 L   28.992  ratsnest
                   J1702.A2*       2229.558  400.538 L  148.020  TOP
        TOTAL         0 VIA(S)                          148.020  mils
 - - - - - - - - - - - - - - - - - - - - - - - - - - - - - - - - - - - - - - -  
 TBTC_TX1P_R
                   R3711.2*        2338.026  251.966 L    0.000  
                   D8627.1         2322.186  265.826 L   29.700  ratsnest
                   C9719.1*        2307.973  281.311 L   59.398  ratsnest
        TOTAL         0 VIA(S)                           59.398  mils
 - - - - - - - - - - - - - - - - - - - - - - - - - - - - - - - - - - - - - - -  
 TBTC_TX2N
                   R3707.1*        2085.000  255.500 L    0.000  
                   U291.E11*       2477.300  178.000 L  469.800  ratsnest
        TOTAL         0 VIA(S)                          469.800  mils
 - - - - - - - - - - - - - - - - - - - - - - - - - - - - - - - - - - - - - - -  
 TBTC_TX2N_C
                   C9722.1*        2084.500  343.500 L    0.000  
                   R3705.2         2084.500  364.000 L   20.500  ratsnest
                   J1702.B3*       2081.920  465.498 L  124.578  ratsnest
        TOTAL         0 VIA(S)                          124.578  mils
|------------------------------------------------------------------------------|
|                             ECL  LOADING  REPORT                             |
|                                                                    Page  16  |
|------------------------------------------------------------------------------|
|  C:/1/546-0922-1.brd                                                         |
|  dimensions in mils                                Wed Sep 23 17:49:29 2020  |
|------------------------------------------------------------------------------|
|                   refdes                                                     |
|  net name         pinid               x        y       length   layer        |
|- - - - - - - - - - - - - - - - - - - - - - - - - - - - - - - - - - - - - - - |
 TBTC_TX2N_R
                   R3707.2*        2085.000  278.500 L    0.000  
                   D8623.1         2083.600  299.500 L   22.400  ratsnest
                   C9722.2*        2084.500  320.500 L   44.300  ratsnest
        TOTAL         0 VIA(S)                           44.300  mils
 - - - - - - - - - - - - - - - - - - - - - - - - - - - - - - - - - - - - - - -  
 TBTC_TX2P
                   R3708.1*        2064.000  255.500 L    0.000  
                   U291.E12*       2459.200  178.000 L  472.700  ratsnest
        TOTAL         0 VIA(S)                          472.700  mils
 - - - - - - - - - - - - - - - - - - - - - - - - - - - - - - - - - - - - - - -  
 TBTC_TX2P_C
                   C9726.1*        2064.500  343.500 L    0.000  
                   R3706.2         2064.500  364.000 L   20.500  ratsnest
                   J1702.B2*       2062.235  465.498 L  124.263  ratsnest
        TOTAL         0 VIA(S)                          124.263  mils
 - - - - - - - - - - - - - - - - - - - - - - - - - - - - - - - - - - - - - - -  
 TBTC_TX2P_R
                   C9726.2*        2064.500  320.500 L    0.000  
                   D8619.1         2065.400  299.500 L   21.900  ratsnest
                   R3708.2*        2064.000  278.500 L   44.300  ratsnest
        TOTAL         0 VIA(S)                           44.300  mils
 - - - - - - - - - - - - - - - - - - - - - - - - - - - - - - - - - - - - - - -  
 TBTC_VBUS20_CONN
                   J1702.A4*       2190.188  400.538 L    0.000  
                   J1702.B9        2200.031  465.498 L   74.803  ratsnest
                   J1702.B4        2101.606  465.498 L  173.228  ratsnest
                   J1702.A9        2091.763  400.538 L  248.031  ratsnest
                   JTBTC_LS1.27    1865.041  158.893 L  716.398  ratsnest
                   JTBTC_LS1.29    1841.025  122.082 L  777.225  ratsnest
                   JTBTC_LS1.25*   1865.041   85.271 L  838.052  ratsnest
        TOTAL         0 VIA(S)                          838.052  mils
 - - - - - - - - - - - - - - - - - - - - - - - - - - - - - - - - - - - - - - -  
 TBT_LSX1_RXD
                   JTBTB_LS1.11*    200.197  161.600 L    0.000  
                   U290.L7*        1093.500  140.700 L  914.203  ratsnest
        TOTAL         0 VIA(S)                          914.203  mils
 - - - - - - - - - - - - - - - - - - - - - - - - - - - - - - - - - - - - - - -  
 TBT_LSX1_TXD
                   JTBTB_LS1.9*     186.418  161.600 L    0.000  
                   U290.M7*        1093.500  122.600 L  946.082  ratsnest
        TOTAL         0 VIA(S)                          946.082  mils
 - - - - - - - - - - - - - - - - - - - - - - - - - - - - - - - - - - - - - - -  
 TBT_LSX2_RXD
                   JTBTC_LS1.11*   1961.497  161.600 L    0.000  
                   U291.L7*        2549.700  286.700 L  713.303  ratsnest
|------------------------------------------------------------------------------|
|                             ECL  LOADING  REPORT                             |
|                                                                    Page  17  |
|------------------------------------------------------------------------------|
|  C:/1/546-0922-1.brd                                                         |
|  dimensions in mils                                Wed Sep 23 17:49:29 2020  |
|------------------------------------------------------------------------------|
|                   refdes                                                     |
|  net name         pinid               x        y       length   layer        |
|- - - - - - - - - - - - - - - - - - - - - - - - - - - - - - - - - - - - - - - |
        TOTAL         0 VIA(S)                          713.303  mils
 - - - - - - - - - - - - - - - - - - - - - - - - - - - - - - - - - - - - - - -  
 TBT_LSX2_TXD
                   JTBTC_LS1.9*    1947.718  161.600 L    0.000  
                   U291.M7*        2549.700  304.800 L  745.182  ratsnest
        TOTAL         0 VIA(S)                          745.182  mils
 - - - - - - - - - - - - - - - - - - - - - - - - - - - - - - - - - - - - - - -  
 TCP1_AUXN
                   JTBTB_LS1.17*    241.536  161.600 L    0.000  
                   U290.M8*        1111.600  122.600 L  909.064  ratsnest
        TOTAL         0 VIA(S)                          909.064  mils
 - - - - - - - - - - - - - - - - - - - - - - - - - - - - - - - - - - - - - - -  
 TCP1_AUXP
                   JTBTB_LS1.15*    227.756  161.600 L    0.000  
                   U290.L8*        1111.600  140.700 L  904.744  ratsnest
        TOTAL         0 VIA(S)                          904.744  mils
 - - - - - - - - - - - - - - - - - - - - - - - - - - - - - - - - - - - - - - -  
 TCP1_TXRX_N0
                   JTBTB_HS.3*      688.300  218.500 L    0.000  
                   C8940.1*         868.500  209.500 L  189.200  ratsnest
        TOTAL         0 VIA(S)                          189.200  mils
 - - - - - - - - - - - - - - - - - - - - - - - - - - - - - - - - - - - - - - -  
 TCP1_TXRX_N1
                   JTBTB_HS.8*      609.600  218.500 L    0.000  
                   C8944.1*         868.000  278.500 L  318.400  ratsnest
        TOTAL         0 VIA(S)                          318.400  mils
 - - - - - - - - - - - - - - - - - - - - - - - - - - - - - - - - - - - - - - -  
 TCP1_TXRX_N0_C
                   C8940.2*         891.500  209.500 L    0.000  
                   U290.G2*        1002.900  213.100 L  115.000  ratsnest
        TOTAL         0 VIA(S)                          115.000  mils
 - - - - - - - - - - - - - - - - - - - - - - - - - - - - - - - - - - - - - - -  
 TCP1_TXRX_N1_C
                   C8944.2*         891.000  278.500 L    0.000  
                   U290.E2*        1002.900  249.400 L  141.000  ratsnest
        TOTAL         0 VIA(S)                          141.000  mils
 - - - - - - - - - - - - - - - - - - - - - - - - - - - - - - - - - - - - - - -  
 TCP1_TXRX_P0
                   JTBTB_HS.4*      672.600  218.500 L    0.000  
                   C8939.1*         868.500  230.000 L  207.400  ratsnest
        TOTAL         0 VIA(S)                          207.400  mils
 - - - - - - - - - - - - - - - - - - - - - - - - - - - - - - - - - - - - - - -  
 TCP1_TXRX_P1
                   JTBTB_HS.7*      625.300  218.500 L    0.000  
                   C8943.1*         868.000  258.000 L  282.200  ratsnest
        TOTAL         0 VIA(S)                          282.200  mils
|------------------------------------------------------------------------------|
|                             ECL  LOADING  REPORT                             |
|                                                                    Page  18  |
|------------------------------------------------------------------------------|
|  C:/1/546-0922-1.brd                                                         |
|  dimensions in mils                                Wed Sep 23 17:49:29 2020  |
|------------------------------------------------------------------------------|
|                   refdes                                                     |
|  net name         pinid               x        y       length   layer        |
|- - - - - - - - - - - - - - - - - - - - - - - - - - - - - - - - - - - - - - - |
 TCP1_TXRX_P0_C
                   C8939.2*         891.500  230.000 L    0.000  
                   U290.G1*         984.800  213.100 L  110.200  ratsnest
        TOTAL         0 VIA(S)                          110.200  mils
 - - - - - - - - - - - - - - - - - - - - - - - - - - - - - - - - - - - - - - -  
 TCP1_TXRX_P1_C
                   C8943.2*         891.000  258.000 L    0.000  
                   U290.E1*         984.800  249.400 L  102.400  ratsnest
        TOTAL         0 VIA(S)                          102.400  mils
 - - - - - - - - - - - - - - - - - - - - - - - - - - - - - - - - - - - - - - -  
 TCP1_TX_N0
                   JTBTB_HS.1*      719.800  218.500 L    0.000  
                   C8938.1*         868.500  160.500 L  206.700  ratsnest
        TOTAL         0 VIA(S)                          206.700  mils
 - - - - - - - - - - - - - - - - - - - - - - - - - - - - - - - - - - - - - - -  
 TCP1_TX_N1
                   JTBTB_HS.10*     578.100  218.500 L    0.000  
                   C8942.1*         867.500  328.000 L  398.900  ratsnest
        TOTAL         0 VIA(S)                          398.900  mils
 - - - - - - - - - - - - - - - - - - - - - - - - - - - - - - - - - - - - - - -  
 TCP1_TX_N0_C
                   C8938.2*         891.500  160.500 L    0.000  
                   U290.J2*        1002.900  176.900 L  127.800  ratsnest
        TOTAL         0 VIA(S)                          127.800  mils
 - - - - - - - - - - - - - - - - - - - - - - - - - - - - - - - - - - - - - - -  
 TCP1_TX_N1_C
                   C8942.2*         890.500  328.000 L    0.000  
                   U290.C2*        1002.900  285.600 L  154.800  ratsnest
        TOTAL         0 VIA(S)                          154.800  mils
 - - - - - - - - - - - - - - - - - - - - - - - - - - - - - - - - - - - - - - -  
 TCP1_TX_P0
                   JTBTB_HS.2*      704.100  218.500 L    0.000  
                   C8937.1*         868.500  181.000 L  201.900  ratsnest
        TOTAL         0 VIA(S)                          201.900  mils
 - - - - - - - - - - - - - - - - - - - - - - - - - - - - - - - - - - - - - - -  
 TCP1_TX_P1
                   JTBTB_HS.9*      593.800  218.500 L    0.000  
                   C8941.1*         867.500  307.500 L  362.700  ratsnest
        TOTAL         0 VIA(S)                          362.700  mils
 - - - - - - - - - - - - - - - - - - - - - - - - - - - - - - - - - - - - - - -  
 TCP1_TX_P0_C
                   C8937.2*         891.500  181.000 L    0.000  
                   U290.J1*         984.800  176.900 L   97.400  ratsnest
        TOTAL         0 VIA(S)                           97.400  mils
 - - - - - - - - - - - - - - - - - - - - - - - - - - - - - - - - - - - - - - -  
 TCP1_TX_P1_C
|------------------------------------------------------------------------------|
|                             ECL  LOADING  REPORT                             |
|                                                                    Page  19  |
|------------------------------------------------------------------------------|
|  C:/1/546-0922-1.brd                                                         |
|  dimensions in mils                                Wed Sep 23 17:49:29 2020  |
|------------------------------------------------------------------------------|
|                   refdes                                                     |
|  net name         pinid               x        y       length   layer        |
|- - - - - - - - - - - - - - - - - - - - - - - - - - - - - - - - - - - - - - - |
                   C8941.2*         890.500  307.500 L    0.000  
                   U290.C1*         984.800  285.600 L  116.200  ratsnest
        TOTAL         0 VIA(S)                          116.200  mils
 - - - - - - - - - - - - - - - - - - - - - - - - - - - - - - - - - - - - - - -  
 TCP2_AUXN
                   JTBTC_LS1.17*   2002.836  161.600 L    0.000  
                   U291.M8*        2531.600  304.800 L  671.964  ratsnest
        TOTAL         0 VIA(S)                          671.964  mils
 - - - - - - - - - - - - - - - - - - - - - - - - - - - - - - - - - - - - - - -  
 TCP2_AUXP
                   JTBTC_LS1.15*   1989.056  161.600 L    0.000  
                   U291.L8*        2531.600  286.700 L  667.644  ratsnest
        TOTAL         0 VIA(S)                          667.644  mils
 - - - - - - - - - - - - - - - - - - - - - - - - - - - - - - - - - - - - - - -  
 TCP2_TXRX_N0
                   C8951.1*        2749.500  220.000 L    0.000  
                   JTBTC_HS.3*     2960.900  218.500 L  212.900  ratsnest
        TOTAL         0 VIA(S)                          212.900  mils
 - - - - - - - - - - - - - - - - - - - - - - - - - - - - - - - - - - - - - - -  
 TCP2_TXRX_N1
                   C8955.1*        2749.500  152.500 L    0.000  
                   JTBTC_HS.8*     2882.200  218.500 L  198.700  ratsnest
        TOTAL         0 VIA(S)                          198.700  mils
 - - - - - - - - - - - - - - - - - - - - - - - - - - - - - - - - - - - - - - -  
 TCP2_TXRX_N0_C
                   U291.G2*        2640.300  214.300 L    0.000  
                   C8951.2*        2726.500  220.000 L   91.900  ratsnest
        TOTAL         0 VIA(S)                           91.900  mils
 - - - - - - - - - - - - - - - - - - - - - - - - - - - - - - - - - - - - - - -  
 TCP2_TXRX_N1_C
                   U291.E2*        2640.300  178.000 L    0.000  
                   C8955.2*        2726.500  152.500 L  111.700  ratsnest
        TOTAL         0 VIA(S)                          111.700  mils
 - - - - - - - - - - - - - - - - - - - - - - - - - - - - - - - - - - - - - - -  
 TCP2_TXRX_P0
                   C8950.1*        2749.500  200.000 L    0.000  
                   JTBTC_HS.4*     2945.200  218.500 L  214.200  ratsnest
        TOTAL         0 VIA(S)                          214.200  mils
 - - - - - - - - - - - - - - - - - - - - - - - - - - - - - - - - - - - - - - -  
 TCP2_TXRX_P1
                   C8954.1*        2749.500  172.500 L    0.000  
                   JTBTC_HS.7*     2897.900  218.500 L  194.400  ratsnest
        TOTAL         0 VIA(S)                          194.400  mils
 - - - - - - - - - - - - - - - - - - - - - - - - - - - - - - - - - - - - - - -  
 TCP2_TXRX_P0_C
                   U291.G1*        2658.400  214.300 L    0.000  
|------------------------------------------------------------------------------|
|                             ECL  LOADING  REPORT                             |
|                                                                    Page  20  |
|------------------------------------------------------------------------------|
|  C:/1/546-0922-1.brd                                                         |
|  dimensions in mils                                Wed Sep 23 17:49:29 2020  |
|------------------------------------------------------------------------------|
|                   refdes                                                     |
|  net name         pinid               x        y       length   layer        |
|- - - - - - - - - - - - - - - - - - - - - - - - - - - - - - - - - - - - - - - |
                   C8950.2*        2726.500  200.000 L   82.400  ratsnest
        TOTAL         0 VIA(S)                           82.400  mils
 - - - - - - - - - - - - - - - - - - - - - - - - - - - - - - - - - - - - - - -  
 TCP2_TXRX_P1_C
                   U291.E1*        2658.400  178.000 L    0.000  
                   C8954.2*        2726.500  172.500 L   73.600  ratsnest
        TOTAL         0 VIA(S)                           73.600  mils
 - - - - - - - - - - - - - - - - - - - - - - - - - - - - - - - - - - - - - - -  
 TCP2_TX_N0
                   C8949.1*        2749.500  267.000 L    0.000  
                   JTBTC_HS.1*     2992.400  218.500 L  291.400  ratsnest
        TOTAL         0 VIA(S)                          291.400  mils
 - - - - - - - - - - - - - - - - - - - - - - - - - - - - - - - - - - - - - - -  
 TCP2_TX_N1
                   C8953.1*        2749.500  104.500 L    0.000  
                   JTBTC_HS.10*    2850.700  218.500 L  215.200  ratsnest
        TOTAL         0 VIA(S)                          215.200  mils
 - - - - - - - - - - - - - - - - - - - - - - - - - - - - - - - - - - - - - - -  
 TCP2_TX_N0_C
                   U291.J2*        2640.300  250.500 L    0.000  
                   C8949.2*        2726.500  267.000 L  102.700  ratsnest
        TOTAL         0 VIA(S)                          102.700  mils
 - - - - - - - - - - - - - - - - - - - - - - - - - - - - - - - - - - - - - - -  
 TCP2_TX_N1_C
                   U291.C2*        2640.300  141.800 L    0.000  
                   C8953.2*        2726.500  104.500 L  123.500  ratsnest
        TOTAL         0 VIA(S)                          123.500  mils
 - - - - - - - - - - - - - - - - - - - - - - - - - - - - - - - - - - - - - - -  
 TCP2_TX_P0
                   C8948.1*        2749.500  247.000 L    0.000  
                   JTBTC_HS.2*     2976.700  218.500 L  255.700  ratsnest
        TOTAL         0 VIA(S)                          255.700  mils
 - - - - - - - - - - - - - - - - - - - - - - - - - - - - - - - - - - - - - - -  
 TCP2_TX_P1
                   C8952.1*        2749.500  124.500 L    0.000  
                   JTBTC_HS.9*     2866.400  218.500 L  210.900  ratsnest
        TOTAL         0 VIA(S)                          210.900  mils
 - - - - - - - - - - - - - - - - - - - - - - - - - - - - - - - - - - - - - - -  
 TCP2_TX_P0_C
                   U291.J1*        2658.400  250.500 L    0.000  
                   C8948.2*        2726.500  247.000 L   71.600  ratsnest
        TOTAL         0 VIA(S)                           71.600  mils
 - - - - - - - - - - - - - - - - - - - - - - - - - - - - - - - - - - - - - - -  
 TCP2_TX_P1_C
                   U291.C1*        2658.400  141.800 L    0.000  
                   C8952.2*        2726.500  124.500 L   85.400  ratsnest
|------------------------------------------------------------------------------|
|                             ECL  LOADING  REPORT                             |
|                                                                    Page  21  |
|------------------------------------------------------------------------------|
|  C:/1/546-0922-1.brd                                                         |
|  dimensions in mils                                Wed Sep 23 17:49:29 2020  |
|------------------------------------------------------------------------------|
|                   refdes                                                     |
|  net name         pinid               x        y       length   layer        |
|- - - - - - - - - - - - - - - - - - - - - - - - - - - - - - - - - - - - - - - |
        TOTAL         0 VIA(S)                           85.400  mils
 - - - - - - - - - - - - - - - - - - - - - - - - - - - - - - - - - - - - - - -  
 USB2_P5_DN_CONN
                   J59.B7*         1625.228  465.498 L    0.000  
                   J59.A7          1595.700  400.538 L   94.488  ratsnest
                   D352.1          1588.200  318.000 L  184.526  ratsnest
                   JTBTB_LS1.23*    282.874  161.600 L 1646.252  ratsnest
        TOTAL         0 VIA(S)                         1646.252  mils
 - - - - - - - - - - - - - - - - - - - - - - - - - - - - - - - - - - - - - - -  
 USB2_P5_DP_CONN
                   J59.B6*         1605.543  465.498 L    0.000  
                   J59.A6          1615.385  400.538 L   74.802  ratsnest
                   D351.1          1606.800  318.000 L  165.925  ratsnest
                   JTBTB_LS1.21*    269.095  161.600 L 1660.030  ratsnest
        TOTAL         0 VIA(S)                         1660.030  mils
 - - - - - - - - - - - - - - - - - - - - - - - - - - - - - - - - - - - - - - -  
 USB2_P6_DN_CONN
                   J1702.B7*       2160.661  465.498 L    0.000  
                   J1702.A7        2131.133  400.538 L   94.488  ratsnest
                   D8628.1         2134.700  332.500 L  166.093  ratsnest
                   JTBTC_LS1.23*   2044.174  161.600 L  427.519  ratsnest
        TOTAL         0 VIA(S)                          427.519  mils
 - - - - - - - - - - - - - - - - - - - - - - - - - - - - - - - - - - - - - - -  
 USB2_P6_DP_CONN
                   J1702.B6*       2140.976  465.498 L    0.000  
                   J1702.A6        2150.818  400.538 L   74.802  ratsnest
                   D8626.1         2153.300  332.500 L  145.322  ratsnest
                   JTBTC_LS1.21*   2030.395  161.600 L  439.127  ratsnest
        TOTAL         0 VIA(S)                          439.127  mils
 - - - - - - - - - - - - - - - - - - - - - - - - - - - - - - - - - - - - - - -  
 VCC0P9_LC_TBTB
                   U290.J3*        1033.200  171.000 L    0.000  
                   C8997.2*        1034.500  170.500 L    1.800  ratsnest
        TOTAL         0 VIA(S)                            1.800  mils
 - - - - - - - - - - - - - - - - - - - - - - - - - - - - - - - - - - - - - - -  
 VCC0P9_LC_TBTC
                   U291.J3*        2610.000  256.400 L    0.000  
                   C9009.2*        2610.500  256.500 L    0.600  ratsnest
        TOTAL         0 VIA(S)                            0.600  mils
 - - - - - - - - - - - - - - - - - - - - - - - - - - - - - - - - - - - - - - -  
 VCC0P9_LVR_TBTB
                   C8999.2*        1080.000   38.000 L    0.000  
                   C8998.2         1076.500   67.000 L   32.500  ratsnest
                   U290.M6         1075.400  122.600 L   89.200  ratsnest
                   U290.L6*        1075.400  140.700 L  107.300  ratsnest
        TOTAL         0 VIA(S)                          107.300  mils
|------------------------------------------------------------------------------|
|                             ECL  LOADING  REPORT                             |
|                                                                    Page  22  |
|------------------------------------------------------------------------------|
|  C:/1/546-0922-1.brd                                                         |
|  dimensions in mils                                Wed Sep 23 17:49:29 2020  |
|------------------------------------------------------------------------------|
|                   refdes                                                     |
|  net name         pinid               x        y       length   layer        |
|- - - - - - - - - - - - - - - - - - - - - - - - - - - - - - - - - - - - - - - |
 VCC0P9_LVR_TBTC
                   C9011.2*        2573.000  368.000 L    0.000  
                   C9010.2         2568.000  339.000 L   34.000  ratsnest
                   U291.M6         2567.800  304.800 L   68.400  ratsnest
                   U291.L6*        2567.800  286.700 L   86.500  ratsnest
        TOTAL         0 VIA(S)                           86.500  mils
 - - - - - - - - - - - - - - - - - - - - - - - - - - - - - - - - - - - - - - -  
 VCC0P9_SVR_TBTB
                   L121.2*          899.500   43.000 L    0.000  
                   C3208.2          918.500   40.000 L   22.000  ratsnest
                   C9030.2          959.000   44.000 L   66.500  ratsnest
                   C10062.2         966.000   39.500 L   78.000  ratsnest
                   U290.G3         1033.200  196.600 L  302.300  ratsnest
                   C9035.2         1035.000  196.500 L  304.200  ratsnest
                   U290.G6         1084.400  196.600 L  353.700  ratsnest
                   C9033.2         1086.000  196.500 L  355.400  ratsnest
                   C9032.2         1086.000  222.000 L  380.900  ratsnest
                   U290.F6         1084.400  222.200 L  382.700  ratsnest
                   C9034.2         1033.500  246.500 L  457.900  ratsnest
                   U290.E3         1033.200  247.800 L  459.500  ratsnest
                   U290.E9         1135.600  247.800 L  561.900  ratsnest
                   C9028.2         1136.000  246.500 L  563.600  ratsnest
                   U290.G9         1135.600  196.600 L  613.900  ratsnest
                   C9029.2*        1135.000  196.500 L  614.600  ratsnest
        TOTAL         0 VIA(S)                          614.600  mils
 - - - - - - - - - - - - - - - - - - - - - - - - - - - - - - - - - - - - - - -  
 VCC0P9_SVR_TBTC
                   L122.2*         2752.000  380.000 L    0.000  
                   C10063.2        2748.500  373.000 L   10.500  ratsnest
                   C3402.2         2701.500  373.000 L   57.500  ratsnest
                   C9037.2         2693.500  372.000 L   66.500  ratsnest
                   C9041.2         2610.500  231.000 L  290.500  ratsnest
                   U291.G3         2610.000  230.800 L  291.200  ratsnest
                   U291.E3         2610.000  179.600 L  342.400  ratsnest
                   C9042.2         2610.000  179.500 L  342.500  ratsnest
                   U291.F6         2558.800  205.200 L  419.400  ratsnest
                   C9036.2         2557.500  205.000 L  420.900  ratsnest
                   C9040.2         2557.500  230.500 L  446.400  ratsnest
                   U291.G6         2558.800  230.800 L  448.000  ratsnest
                   U291.G9         2507.600  230.800 L  499.200  ratsnest
                   C9043.2         2507.500  230.500 L  499.600  ratsnest
                   U291.E9         2507.600  179.600 L  550.600  ratsnest
                   C9038.2*        2507.500  179.000 L  551.300  ratsnest
        TOTAL         0 VIA(S)                          551.300  mils
 - - - - - - - - - - - - - - - - - - - - - - - - - - - - - - - - - - - - - - -  
 VCC3B
|------------------------------------------------------------------------------|
|                             ECL  LOADING  REPORT                             |
|                                                                    Page  23  |
|------------------------------------------------------------------------------|
|  C:/1/546-0922-1.brd                                                         |
|  dimensions in mils                                Wed Sep 23 17:49:29 2020  |
|------------------------------------------------------------------------------|
|                   refdes                                                     |
|  net name         pinid               x        y       length   layer        |
|- - - - - - - - - - - - - - - - - - - - - - - - - - - - - - - - - - - - - - - |
                   R10171.2*       2532.000   30.000 L    0.000  
                   JTBTC_LS1.20    2016.615   82.564 L  567.949  ratsnest
                   R10145.2        1135.000  403.000 L 1770.000  ratsnest
                   JTBTB_LS1.20*    255.315   82.564 L 2970.121  ratsnest
        TOTAL         0 VIA(S)                         2970.121  mils
 - - - - - - - - - - - - - - - - - - - - - - - - - - - - - - - - - - - - - - -  
 VCC3M
                   R11152.2*       2511.000   30.000 L    0.000  
                   D8629.2         2507.700   36.500 L    9.800  ratsnest
                   JTBTC_LS1.3     1906.379  161.600 L  736.221  ratsnest
                   D580.2          1245.800  368.500 L 1603.700  ratsnest
                   R10146.2        1180.500  403.000 L 1703.500  ratsnest
                   JTBTB_LS1.3*     145.079  161.600 L 2980.321  ratsnest
        TOTAL         0 VIA(S)                         2980.321  mils
 - - - - - - - - - - - - - - - - - - - - - - - - - - - - - - - - - - - - - - -  
 VCC3M_RT1_SPI
                   TP1818.1*       1324.500 -145.000 L    0.000  
                   D580.1          1283.200  368.500 L  554.800  ratsnest
                   R10078.2        1274.000  375.000 L  570.500  ratsnest
                   C8945.2         1251.500  338.500 L  629.500  ratsnest
                   U184.8          1218.150  338.450 L  662.900  ratsnest
                   R10076.2        1057.000  336.000 L  826.500  ratsnest
                   R10075.2        1057.000  357.000 L  847.500  ratsnest
                   R10077.2*       1057.000  378.000 L  868.500  ratsnest
        TOTAL         0 VIA(S)                          868.500  mils
 - - - - - - - - - - - - - - - - - - - - - - - - - - - - - - - - - - - - - - -  
 VCC3M_RT2_SPI
                   D8629.1*        2470.300   36.500 L    0.000  
                   R11157.2        2463.500   73.000 L   43.300  ratsnest
                   C10221.2        2440.500   52.500 L   86.800  ratsnest
                   U6321.8         2403.600   52.000 L  124.200  ratsnest
                   TP1822.1        2260.000   49.000 L  270.800  ratsnest
                   R11158.2        2243.000   50.000 L  288.800  ratsnest
                   R11159.2        2243.000   71.000 L  309.800  ratsnest
                   R11160.2*       2243.000   92.000 L  330.800  ratsnest
        TOTAL         0 VIA(S)                          330.800  mils
 - - - - - - - - - - - - - - - - - - - - - - - - - - - - - - - - - - - - - - -  
 VCC3P3A_SX_TBTB
                   R11150.2*       1111.000  144.500 L    0.000  
                   C10214.2        1111.500  171.000 L   27.000  ratsnest
                   U290.J7*        1110.000  171.000 L   28.500  ratsnest
        TOTAL         0 VIA(S)                           28.500  mils
 - - - - - - - - - - - - - - - - - - - - - - - - - - - - - - - - - - - - - - -  
 VCC3P3A_SX_TBTC
                   U291.J7*        2533.200  256.400 L    0.000  
                   C10219.2        2532.000  256.500 L    1.300  ratsnest
|------------------------------------------------------------------------------|
|                             ECL  LOADING  REPORT                             |
|                                                                    Page  24  |
|------------------------------------------------------------------------------|
|  C:/1/546-0922-1.brd                                                         |
|  dimensions in mils                                Wed Sep 23 17:49:29 2020  |
|------------------------------------------------------------------------------|
|                   refdes                                                     |
|  net name         pinid               x        y       length   layer        |
|- - - - - - - - - - - - - - - - - - - - - - - - - - - - - - - - - - - - - - - |
                   R11151.2*       2521.000  283.500 L   39.300  ratsnest
        TOTAL         0 VIA(S)                           39.300  mils
 - - - - - - - - - - - - - - - - - - - - - - - - - - - - - - - - - - - - - - -  
 VCC3P3_ANA_TBTB
                   U290.L2*        1002.900  140.700 L    0.000  
                   C8995.2*        1003.000  141.000 L    0.400  ratsnest
        TOTAL         0 VIA(S)                            0.400  mils
 - - - - - - - - - - - - - - - - - - - - - - - - - - - - - - - - - - - - - - -  
 VCC3P3_ANA_TBTC
                   U291.L2*        2640.300  286.700 L    0.000  
                   C9008.2*        2640.500  286.500 L    0.400  ratsnest
        TOTAL         0 VIA(S)                            0.400  mils
 - - - - - - - - - - - - - - - - - - - - - - - - - - - - - - - - - - - - - - -  
 VCC3P3_LC_TBTB
                   C8996.2*        1059.000  247.000 L    0.000  
                   U290.E5         1058.800  247.800 L    1.000  ratsnest
                   R10155.1        1008.800  383.400 L  186.600  ratsnest
                   R10154.1         987.800  383.400 L  207.600  ratsnest
                   R10153.1         966.800  383.400 L  228.600  ratsnest
                   R10152.1*        980.500  403.000 L  261.900  ratsnest
        TOTAL         0 VIA(S)                          261.900  mils
 - - - - - - - - - - - - - - - - - - - - - - - - - - - - - - - - - - - - - - -  
 VCC3P3_LC_TBTC
                   R10157.1*       2680.500   30.000 L    0.000  
                   R10158.1        2626.500   78.500 L  102.500  ratsnest
                   R10159.1        2605.000   78.500 L  124.000  ratsnest
                   R10160.1        2584.000   78.500 L  145.000  ratsnest
                   U291.E5         2584.400  179.600 L  246.500  ratsnest
                   C9007.2*        2585.000  180.500 L  248.000  ratsnest
        TOTAL         0 VIA(S)                          248.000  mils
 - - - - - - - - - - - - - - - - - - - - - - - - - - - - - - - - - - - - - - -  
 VCC3P3_SX_TBTB
                   JTBTB_LS1.16*    227.756   82.564 L    0.000  
                   JTBTB_LS1.18     241.536   82.564 L   13.780  ratsnest
                   U290.M4         1039.100  122.600 L  851.380  ratsnest
                   U290.M5         1057.200  122.600 L  869.480  ratsnest
                   C10212.2        1059.000  119.000 L  874.880  ratsnest
                   C10210.2        1070.000   72.500 L  932.380  ratsnest
                   R11150.1        1111.000  108.500 L 1009.380  ratsnest
                   C10213.2        1086.000  247.500 L 1173.380  ratsnest
                   U290.E6         1084.400  247.800 L 1175.280  ratsnest
                   R10142.2        1090.500  403.000 L 1336.580  ratsnest
                   R10143.2        1069.500  403.000 L 1357.580  ratsnest
                   R10144.2        1006.500  403.000 L 1420.580  ratsnest
                   C10211.2*        918.500  393.500 L 1518.080  ratsnest
        TOTAL         0 VIA(S)                         1518.080  mils
|------------------------------------------------------------------------------|
|                             ECL  LOADING  REPORT                             |
|                                                                    Page  25  |
|------------------------------------------------------------------------------|
|  C:/1/546-0922-1.brd                                                         |
|  dimensions in mils                                Wed Sep 23 17:49:29 2020  |
|------------------------------------------------------------------------------|
|                   refdes                                                     |
|  net name         pinid               x        y       length   layer        |
|- - - - - - - - - - - - - - - - - - - - - - - - - - - - - - - - - - - - - - - |
 VCC3P3_SX_TBTC
                   JTBTC_LS1.16*   1989.056   82.564 L    0.000  
                   JTBTC_LS1.18    2002.836   82.564 L   13.780  ratsnest
                   C10215.2        2240.500  134.500 L  303.380  ratsnest
                   C10218.2        2558.000  179.500 L  665.880  ratsnest
                   U291.E6         2558.800  179.600 L  666.780  ratsnest
                   R11151.1        2557.000  283.500 L  772.480  ratsnest
                   U291.M5         2586.000  304.800 L  822.780  ratsnest
                   U291.M4         2604.100  304.800 L  840.880  ratsnest
                   C10217.2        2604.000  334.500 L  870.680  ratsnest
                   C10216.2        2639.500  335.000 L  906.680  ratsnest
                   R10170.2        2659.000   30.000 L 1231.180  ratsnest
                   R10169.2        2596.000   30.000 L 1294.180  ratsnest
                   R10168.2*       2575.000   30.000 L 1315.180  ratsnest
        TOTAL         0 VIA(S)                         1315.180  mils
 - - - - - - - - - - - - - - - - - - - - - - - - - - - - - - - - - - - - - - -  
 VCC3SW
                   JTBTC_LS1.13*   1975.277  161.600 L    0.000  
                   U6320.1         1247.900  699.800 L 1265.577  ratsnest
                   C10220.2*       1255.000  729.000 L 1301.877  ratsnest
        TOTAL         0 VIA(S)                         1301.877  mils
 - - - - - - - - - - - - - - - - - - - - - - - - - - - - - - - - - - - - - - -  
 VCC3_LDO_PD
                   JTBTB_LS1.22*    269.095   82.564 L    0.000  
                   U203.C4         1458.900   66.600 L 1205.769  ratsnest
                   R3189.2         1463.000   31.500 L 1244.969  ratsnest
                   C3225.2         1441.500   31.500 L 1266.469  ratsnest
                   JTBTC_LS1.22    2030.395   82.564 L 1906.428  ratsnest
                   R10765.2        2417.200  280.800 L 2491.469  ratsnest
                   C9720.2         2438.500  280.000 L 2513.569  ratsnest
                   U6319.C4*       2440.000  308.800 L 2543.869  ratsnest
        TOTAL         0 VIA(S)                         2543.869  mils
 - - - - - - - - - - - - - - - - - - - - - - - - - - - - - - - - - - - - - - -  
|------------------------------------------------------------------------------|
|   End of ECL Loading Report                                                  |
|   total path length all ECL nets = 84258.906 mils                            |
|------------------------------------------------------------------------------|
